<?xml version="1.0" encoding="UTF-8"?>
<!-- Generated by org.testng.reporters.JUnitReportReporter -->
<testsuite hostname="01HW1889862" failures="0" tests="1" name="dpack.test_login" time="2.436" errors="0" timestamp="2024-04-10T18:44:19 IST" skipped="0">
  <testcase classname="dpack.test_login" name="BaseValidLogin" time="2.436"/>
  <system-out/>
</testsuite> <!-- dpack.test_login -->
