<?xml version="1.0" encoding="UTF-8"?>
<!-- Generated by org.testng.reporters.JUnitReportReporter -->
<testsuite hostname="01HW1889862" failures="0" tests="1" name="commend.test1" time="0.007" errors="0" timestamp="2024-03-27T14:01:16 IST" skipped="0">
  <testcase classname="commend.test1" name="f" time="0.007"/>
  <system-out/>
</testsuite> <!-- commend.test1 -->
